Determining if the pthread_create exist failed with the following output:
Change Dir: /media/mary/Data/git/cpp-hw-fall-2018/QuadraticSolver/cmake-build-debug/CMakeFiles/CMakeTmp

Run Build Command:"/usr/bin/make" "cmTC_5d9bf/fast"
/usr/bin/make -f CMakeFiles/cmTC_5d9bf.dir/build.make CMakeFiles/cmTC_5d9bf.dir/build
make[1]: Entering directory '/media/mary/Data/git/cpp-hw-fall-2018/QuadraticSolver/cmake-build-debug/CMakeFiles/CMakeTmp'
Building C object CMakeFiles/cmTC_5d9bf.dir/CheckSymbolExists.c.o
/usr/bin/cc    -o CMakeFiles/cmTC_5d9bf.dir/CheckSymbolExists.c.o   -c /media/mary/Data/git/cpp-hw-fall-2018/QuadraticSolver/cmake-build-debug/CMakeFiles/CMakeTmp/CheckSymbolExists.c
Linking C executable cmTC_5d9bf
/home/mary/.local/share/JetBrains/Toolbox/apps/CLion/ch-0/182.4323.58/bin/cmake/linux/bin/cmake -E cmake_link_script CMakeFiles/cmTC_5d9bf.dir/link.txt --verbose=1
/usr/bin/cc      -rdynamic CMakeFiles/cmTC_5d9bf.dir/CheckSymbolExists.c.o  -o cmTC_5d9bf 
CMakeFiles/cmTC_5d9bf.dir/CheckSymbolExists.c.o: In function `main':
CheckSymbolExists.c:(.text+0x1b): undefined reference to `pthread_create'
collect2: error: ld returned 1 exit status
CMakeFiles/cmTC_5d9bf.dir/build.make:86: recipe for target 'cmTC_5d9bf' failed
make[1]: *** [cmTC_5d9bf] Error 1
make[1]: Leaving directory '/media/mary/Data/git/cpp-hw-fall-2018/QuadraticSolver/cmake-build-debug/CMakeFiles/CMakeTmp'
Makefile:121: recipe for target 'cmTC_5d9bf/fast' failed
make: *** [cmTC_5d9bf/fast] Error 2

File /media/mary/Data/git/cpp-hw-fall-2018/QuadraticSolver/cmake-build-debug/CMakeFiles/CMakeTmp/CheckSymbolExists.c:
/* */
#include <pthread.h>

int main(int argc, char** argv)
{
  (void)argv;
#ifndef pthread_create
  return ((int*)(&pthread_create))[argc];
#else
  (void)argc;
  return 0;
#endif
}

